[www.urbanfigphotography.com/index.html]
[backblue.gif]
[fade.gif]
[index.html]
[uploads-ssl.webflow.com/60957e41b0916c05d9fd11ea/css/urbanfig.webflow.c08af104e.min.css]
[uploads-ssl.webflow.com/60957e41b0916c05d9fd11ea/60b03b14b11a5464f8a4f708_Favicon.png]
[uploads-ssl.webflow.com/60957e41b0916c05d9fd11ea/60b03b904a8d4f35b0ba8a21_Frame 3.png]
[www.urbanfigphotography.com/weddings.html]
[uploads-ssl.webflow.com/60957e41b0916c05d9fd11ea/60b01681024e291b64247003_Urban Fig Photography_Jete Devisser_Chilliwack_MenuNavWeddings.png]
[www.urbanfigphotography.com/families.html]
[uploads-ssl.webflow.com/60957e41b0916c05d9fd11ea/60b01770ead02d19b394637b_Urban Fig Photography_Jete Devisser_Chilliwack_MenuNav Families.jpg]
[www.urbanfigphotography.com/senior-experience.html]
[uploads-ssl.webflow.com/60957e41b0916c05d9fd11ea/60b01790306d9ae2288a687a_Urban Fig Photography_Jete Devisser_Chilliwack_MenuNavSeniors.png]
[www.urbanfigphotography.com/portfolio.html]
[uploads-ssl.webflow.com/60957e41b0916c05d9fd11ea/60b017a5ed9c521d1e6d008d_Urban Fig Photography_Jete Devisser_Chilliwack_MenuNavPortfolio.png]
[www.urbanfigphotography.com/courses.html]
[uploads-ssl.webflow.com/60957e41b0916c05d9fd11ea/60bcceb9b750bad3a353ce67_Urban Fig Photography - Courses - Menu Nav - Chilliwack.png]
[www.urbanfigphotography.com/about-us.html]
[uploads-ssl.webflow.com/60957e41b0916c05d9fd11ea/60b018061a94fa2795f151d0_Urban Fig Photography_Jete Devisser_Chilliwack_MenuNavAbout.png]
[uploads-ssl.webflow.com/60957e41b0916c05d9fd11ea/60b0181976794f1aabece39f_Urban Fig Photography_Jete Devisser_Chilliwack_MenuNavContact.png]
[uploads-ssl.webflow.com/60957e41b0916c05d9fd11ea/60bee23e5a296852b482ce03_Urban Fig Photography_Jete Devisser_Chilliwack, BC.jpg]
[uploads-ssl.webflow.com/60957e41b0916c05d9fd11ea/60bb860e31631e9120bc0ae5_middle-min Urban Fig Photography - Jete Devisser..jpg]
[uploads-ssl.webflow.com/60957e41b0916c05d9fd11ea/60bb860dcc93ec61818bc3b9_right1-min Urban Fig Photography - Jete Devisser..jpg]
[uploads-ssl.webflow.com/60957e41b0916c05d9fd11ea/60f84c2ce4bfc27f6fc2248c_Jete-Devisser-Urban-Figacroptiny.jpg]
[uploads-ssl.webflow.com/60957e41b0916c05d9fd11ea/609c3bdfcdbba64faf671563_Feature gallery - 6 - Photographer in Chilliwack, BC, Canada.jpg]
[uploads-ssl.webflow.com/60957e41b0916c05d9fd11ea/609b37fd99ddc1a235614bd9_Families.jpg]
[uploads-ssl.webflow.com/60957e41b0916c05d9fd11ea/609b37fd8cb0d43cbf8edb4c_Senior Experience.jpg]
[uploads-ssl.webflow.com/60957e41b0916c05d9fd11ea/609b37fbe5b39809bb695325_Weddings.jpg]
[uploads-ssl.webflow.com/60957e41b0916c05d9fd11ea/60b6c5dd4c66c572b0144ac2_UFP Award.png]
[uploads-ssl.webflow.com/60957e41b0916c05d9fd11ea/60b01ca7b74ed30b13a48938_Urban Fig Photography_JeteDevisser_Chilliwack_BC_Homepage-Services-Engageme]
[uploads-ssl.webflow.com/60957e41b0916c05d9fd11ea/60b6c5f665a1bc7bd9f498b0_UFP Award 2.png]
[uploads-ssl.webflow.com/60957e41b0916c05d9fd11ea/60b022537c8bd05dfd61786d_Urban Fig Photography_Jete Devisser_Chilliwack_BC_Featured On.png]
[uploads-ssl.webflow.com/60957e41b0916c05d9fd11ea/60b01cb8a9f13dece831787f_Urban Fig Photography_JeteDevisser_Chilliwack_BC_Homepage-Services-Elopemen]
[uploads-ssl.webflow.com/60957e41b0916c05d9fd11ea/60b01cf2905172022c5cbe7d_Urban Fig Photography_JeteDevisser_Chilliwack_BC_Homepage-Services-Connecti]
[static.elfsight.com/platform/platform.js]
[uploads-ssl.webflow.com/60957e41b0916c05d9fd11ea/60b01d3f45e31d139e10a86c_Urban Fig Photography_JeteDevisser_Chilliwack_BC_Homepage-Services-Extended]
[www.urbanfigphotography.com/privacy-policy.html]
[uploads-ssl.webflow.com/60957e41b0916c05d9fd11ea/60b1ed4534336b380924cca0_stars (1).png]
[uploads-ssl.webflow.com/60957e41b0916c05d9fd11ea/60b01d4c5bf97325f5a8836f_Urban Fig Photography_JeteDevisser_Chilliwack_BC_Homepage-Services-Maternit]
[d3e54v103j8qbb.cloudfront.net/js/jquery-3.5.1.min.dc5e7f18c81421.js]
[uploads-ssl.webflow.com/60957e41b0916c05d9fd11ea/60b01d921f9e6d1d82417aba_Urban Fig Photography_JeteDevisser_Chilliwack_BC_Homepage-Services-SeniorEx]
[uploads-ssl.webflow.com/60957e41b0916c05d9fd11ea/js/webflow.814108aed.js]
[uploads-ssl.webflow.com/60957e41b0916c05d9fd11ea/60b01da04297f323bc1adfb4_Urban Fig Photography_JeteDevisser_Chilliwack_BC_Homepage-Services-SeniorEx]
[cdn.finsweet.com/files/cmslibrary-v1.8.js]
[uploads-ssl.webflow.com/60957e41b0916c05d9fd11ea/60b01f6ca5e40f638324be24_Urban Fig Photography_Jete Devisser_Chilliwack_BC_Homepage-Featured1.20.del]
[www.urbanfigphotography.com/index.html]
[uploads-ssl.webflow.com/60957e41b0916c05d9fd11ea/css/urbanfig.webflow.c08af104e.min.css]
[unpkg.com/typer-dot-js@0.1.0/typer.js]
[www.googletagmanager.com/gtm5445.html]
[uploads-ssl.webflow.com/60957e41b0916c05d9fd11ea/60b01fbb0a5a6151b5586f41_Urban Fig Photography_Jete Devisser_Chilliwack_BC_Homepage-Featured6.22.del]
[uploads-ssl.webflow.com/60957e41b0916c05d9fd11ea/60b01fadcf65e326f35feda6_Urban Fig Photography_Jete Devisser_Chilliwack_BC_Homepage-Featured5.24.del]
[uploads-ssl.webflow.com/60957e41b0916c05d9fd11ea/60b01f8ef047658712bfca8f_Urban Fig Photography_Jete Devisser_Chilliwack_BC_Homepage-Featured3.23.del]
[uploads-ssl.webflow.com/60957e41b0916c05d9fd11ea/60b01f9eb74ed32f33a4bcc3_Urban Fig Photography_Jete Devisser_Chilliwack_BC_Homepage-Featured4.25.del]
[www.urbanfigphotography.com/weddings.html]
[uploads-ssl.webflow.com/60957e41b0916c05d9fd11ea/60b01fc71f9e6df0ea4198f3_Urban Fig Photography_Jete Devisser_Chilliwack_BC_Homepage-Featured7.26.del]
[uploads-ssl.webflow.com/60957e41b0916c05d9fd11ea/60b022afba9827770631f0c0_Urban Fig Photography_Jete Devisser_Chilliwack_BC_Featured On (1).2a.delaye]
[www.urbanfigphotography.com/families.html]
[uploads-ssl.webflow.com/60957e41b0916c05d9fd11ea/60b022d76329fd7c7c077f03_Urban Fig Photography_Jete Devisser_Chilliwack_BC_Featured On (2).2b.delaye]
[uploads-ssl.webflow.com/60957e41b0916c05d9fd11ea/60b022f676794f865fed9f3a_Urban Fig Photography_Jete Devisser_Chilliwack_BC_Featured On (3).2c.delaye]
[www.urbanfigphotography.com/senior-experience.html]
[uploads-ssl.webflow.com/60957e41b0916c05d9fd11ea/60b53713217e1067e7e7c934_Urban Fig Photography_Shoot_Chilliwack, BC_Jete Devisser_Services-Wedding-H]
[uploads-ssl.webflow.com/60957e41b0916c05d9fd11ea/60b5309c82fa7be96e207dd4_Urban Fig Photography_Engagement Shoot_Chilliwack, BC_Jete Devisser_1.36.de]
[uploads-ssl.webflow.com/60957e41b0916c05d9fd11ea/60b530ac07672ce4db14a74d_Urban Fig Photography_Engagement Shoot_Chilliwack, BC_Jete Devisser_2.37.de]
[uploads-ssl.webflow.com/60957e41b0916c05d9fd11ea/60a8de6e34a8ea23ff8d8abb_Portfolio-Header Image.jpg]
[uploads-ssl.webflow.com/60957e41b0916c05d9fd11ea/60b530c05756681f162d2ab6_Urban Fig Photography_Engagement Shoot_Chilliwack, BC_Jete Devisser_3.38.de]
[uploads-ssl.webflow.com/60aa409b8981a4c98ef2088c/60ba86ee54b5714bf29d0007_Urban Fig Photography.jpg]
[uploads-ssl.webflow.com/60957e41b0916c05d9fd11ea/60b554dc8d956419afc7a788_Urban Fig Photography_Jete Devisser_Chilliwack, BC_Elopement shoots_1.1.39]
[www.urbanfigphotography.com/portfolio/harrison-hot-springs-wedding-travis-britt.html]
[uploads-ssl.webflow.com/60957e41b0916c05d9fd11ea/60b554eb193926cf8fe084e2_Urban Fig Photography_Jete Devisser_Chilliwack, BC_Elopement shoots_2.3a.de]
[uploads-ssl.webflow.com/60aa409b8981a4c98ef2088c/60bc071f3a41032ad424945c_1. UFP Main Image.jpg]
[uploads-ssl.webflow.com/60957e41b0916c05d9fd11ea/60b554fa140f02838b965ed8_Urban Fig Photography_Jete Devisser_Chilliwack, BC_Elopement shoots_3.3b.de]
[uploads-ssl.webflow.com/60aa409b8981a4c98ef2088c/60bbf3360e2152322a602741_1. UFP Main Image.jpg]
[www.urbanfigphotography.com/portfolio/anniversary-celebration-in-manning-park-the-paulgers.html]
[uploads-ssl.webflow.com/60957e41b0916c05d9fd11ea/60b557e7386841287082e491_Urban Fig Photography_Shoot_Chilliwack, BC_Jete Devisser_Wedding Photograph]
[uploads-ssl.webflow.com/60aa409b8981a4c98ef2088c/60bbf20b7107c88a2d969b63_1. UFP Main Image.jpg]
[uploads-ssl.webflow.com/60957e41b0916c05d9fd11ea/60b557f88d45224e3b92c48c_Urban Fig Photography_Shoot_Chilliwack, BC_Jete Devisser_Wedding Photograph]
[uploads-ssl.webflow.com/60aa409b8981a4c98ef2088c/60bbf1710dc41aa1c8600966_1. UFP Main Image.jpg]
[uploads-ssl.webflow.com/60aa409b8981a4c98ef2088c/60bbf0f9918f5f19d7d2e241_1. UFP Main Image.jpg]
[uploads-ssl.webflow.com/60957e41b0916c05d9fd11ea/60b5580b3868416e0e82e582_Urban Fig Photography_Shoot_Chilliwack, BC_Jete Devisser_Wedding Photograph]
[uploads-ssl.webflow.com/60aa409b8981a4c98ef2088c/60bbee833a4103c38f241aa1_1. UFP Main Image.jpg]
[www.urbanfigphotography.com/portfolio/chilliwack-extended-family-photographer-kuipers-family.html]
[uploads-ssl.webflow.com/60957e41b0916c05d9fd11ea/60b55adac1e67617b265a5f4_Urban Fig Photography_Shoot_Chilliwack, BC_Jete Devisser_Connection and ann]
[uploads-ssl.webflow.com/60aa409b8981a4c98ef2088c/60bbedee7d16f4764029eef0_1. UFP Main Image.jpg]
[uploads-ssl.webflow.com/60957e41b0916c05d9fd11ea/60b55ae7c468710cb2f90293_Urban Fig Photography_Shoot_Chilliwack, BC_Jete Devisser_Connection and ann]
[uploads-ssl.webflow.com/60aa409b8981a4c98ef2088c/60bbed536d4e3a9cd3fabb21_1. UFP - Main Image.jpg]
[uploads-ssl.webflow.com/60aa409b8981a4c98ef2088c/60bbebff02f5c4513dd66e66_1. UFP Main Image.jpg]
[uploads-ssl.webflow.com/60957e41b0916c05d9fd11ea/60b55af63868418f4082f53a_Urban Fig Photography_Shoot_Chilliwack, BC_Jete Devisser_Connection and ann]
[www.urbanfigphotography.com/portfolio/cultus-lake-wedding-photos-sean-sarah.html]
[uploads-ssl.webflow.com/60957e41b0916c05d9fd11ea/60b55bad43f858181f531854_Urban Fig Photography_Shoot_Chilliwack, BC_Jete Devisser_Services-Families-]
[uploads-ssl.webflow.com/60aa409b8981a4c98ef2088c/60bbeb6de2a8da64cc878b02_1. UFP Main Image.jpg]
[www.urbanfigphotography.com/portfolio/little-white-chapel-wedding-mitch-cassie.html]
[uploads-ssl.webflow.com/60957e41b0916c05d9fd11ea/60b55ea0e4d8192c0fe50d93_Urban Fig Photography_Shoot_Chilliwack, BC_Jete Devisser_Immediate Family S]
[uploads-ssl.webflow.com/60957e41b0916c05d9fd11ea/60b55ead999dc1def2cc407e_Urban Fig Photography_Shoot_Chilliwack, BC_Jete Devisser_Immediate Family S]
[uploads-ssl.webflow.com/60aa409b8981a4c98ef2088c/60bbea672536bd16b8fa2464_1. UFP Main Image.jpg]
[uploads-ssl.webflow.com/60957e41b0916c05d9fd11ea/60b55ebb18d38e26b3084894_Urban Fig Photography_Shoot_Chilliwack, BC_Jete Devisser_Immediate Family S]
[uploads-ssl.webflow.com/60aa409b8981a4c98ef2088c/60bd41c3df041210bee16db4_1. UFP Main Image.jpg]
[uploads-ssl.webflow.com/60aa409b8981a4c98ef2088c/60bd45f7d6091394773156a5_1. UFP - Main Image.jpg]
[uploads-ssl.webflow.com/60957e41b0916c05d9fd11ea/60b562bc2c3517f9438dea12_Urban Fig Photography_Shoot_Chilliwack, BC_Jete Devisser_Services-Families-]
[www.urbanfigphotography.com/portfolio/chilliwack-wedding-photographer-tom-kristie.html]
[uploads-ssl.webflow.com/60957e41b0916c05d9fd11ea/60b562ca74b682719e16a620_Urban Fig Photography_Shoot_Chilliwack, BC_Jete Devisser_Services-Families-]
[uploads-ssl.webflow.com/60aa409b8981a4c98ef2088c/60bc034c319b558695b2687b_UrbanFigPhotography270.jpg]
[uploads-ssl.webflow.com/60957e41b0916c05d9fd11ea/60b562d9c1e676165865ca57_Urban Fig Photography_Shoot_Chilliwack, BC_Jete Devisser_Services-Families-]
[uploads-ssl.webflow.com/60957e41b0916c05d9fd11ea/60b564b241575524ee1bbbea_Urban Fig Photography_Shoot_Chilliwack, BC_Jete Devisser_Services-Maternity]
[uploads-ssl.webflow.com/60aa409b8981a4c98ef2088c/60bc0299bb4f7f913d796b15_1. UFP Main IMage.jpg]
[uploads-ssl.webflow.com/60957e41b0916c05d9fd11ea/60b564bf3868410ba9832528_Urban Fig Photography_Shoot_Chilliwack, BC_Jete Devisser_Services-Maternity]
[uploads-ssl.webflow.com/60957e41b0916c05d9fd11ea/60b564cf6689a35c25ca0933_Urban Fig Photography_Shoot_Chilliwack, BC_Jete Devisser_Services-Maternity]
[uploads-ssl.webflow.com/60aa409b8981a4c98ef2088c/60bbfcbfcd17ff45ba838cc4_1. UFP Main Image.jpg]
[www.urbanfigphotography.com/portfolio/the-vancouver-club-wedding-matt-vanessa.html]
[uploads-ssl.webflow.com/60957e41b0916c05d9fd11ea/60b5652a140f0217ac96a315_Urban Fig Photography_Shoot_Chilliwack, BC_Jete Devisser_Services-Senior Ex]
[uploads-ssl.webflow.com/60aa409b8981a4c98ef2088c/60bbfc403107304860749317_1. UFP Main Image.jpg]
[uploads-ssl.webflow.com/60957e41b0916c05d9fd11ea/60b567b9c468717441f94223_Urban Fig Photography_Shoot_Chilliwack, BC_Jete Devisser_Services-Senior Ex]
[uploads-ssl.webflow.com/60aa409b8981a4c98ef2088c/60bbfbcefde27b97a6bc9c17_1. UFP Main Image.jpg]
[www.urbanfigphotography.com/portfolio/manning-park-wedding-the-lauers.html]
[uploads-ssl.webflow.com/60957e41b0916c05d9fd11ea/60b567c7a065ab406ccc35a1_Urban Fig Photography_Shoot_Chilliwack, BC_Jete Devisser_Services-Senior Ex]
[uploads-ssl.webflow.com/60aa409b8981a4c98ef2088c/60bbfb6895081750e3e358cf_1. UFP Main Image.jpg]
[uploads-ssl.webflow.com/60957e41b0916c05d9fd11ea/60b567d4137444c2aef7885d_Urban Fig Photography_Shoot_Chilliwack, BC_Jete Devisser_Services-Senior Ex]
[www.urbanfigphotography.com/portfolio/mountaintop-wedding-photos-nils-kristie.html]
[uploads-ssl.webflow.com/60957e41b0916c05d9fd11ea/60b56a5311526d4a13497944_Urban Fig Photography_Shoot_Chilliwack, BC_Jete Devisser_Services-Senior Ex]
[uploads-ssl.webflow.com/60aa409b8981a4c98ef2088c/60bbfb1cf3026b6d8f2b5505_1. UFP - Main Image.jpg]
[uploads-ssl.webflow.com/60957e41b0916c05d9fd11ea/60b56a605765b20142431461_Urban Fig Photography_Shoot_Chilliwack, BC_Jete Devisser_Services-Senior Ex]
[www.urbanfigphotography.com/portfolio.html]
[www.urbanfigphotography.com/portfolioa53f.html]
[uploads-ssl.webflow.com/60957e41b0916c05d9fd11ea/60b56a6e9e7e86468b006958_Urban Fig Photography_Shoot_Chilliwack, BC_Jete Devisser_Services-Senior Ex]
[www.urbanfigphotography.com/courses/beginners-workshop.html]
[uploads-ssl.webflow.com/60957e41b0916c05d9fd11ea/60b56ca227813d6f094a290a_Urban Fig Photography_Shoot_Chilliwack, BC_Jete Devisser_Services-Senior Ex]
[www.urbanfigphotography.com/courses.html]
[uploads-ssl.webflow.com/60957e41b0916c05d9fd11ea/60b56cb94157559e821be5c9_Urban Fig Photography_Shoot_Chilliwack, BC_Jete Devisser_Services-Senior Ex]
[uploads-ssl.webflow.com/60957e41b0916c05d9fd11ea/60b02a7ead454ccb7bfe326f_Urban Fig Photography_Jete Devisser_Photography Courses_Chilliwack_BC_Cours]
[uploads-ssl.webflow.com/60957e41b0916c05d9fd11ea/60b56cd692deb1bf5e247aa4_Urban Fig Photography_Shoot_Chilliwack, BC_Jete Devisser_Services-Senior Ex]
[uploads-ssl.webflow.com/60957e41b0916c05d9fd11ea/60b17666fda0a40cba9bf80d_Urban Fig Photography_Team_Chilliwack, BC.jpg]
[uploads-ssl.webflow.com/60957e41b0916c05d9fd11ea/60b57042609c147e80cee531_About-Milestone1.jpg]
[uploads-ssl.webflow.com/60aa409b8981a4c98ef2088c/60b02c6e490e2245052a2682_Urban Fig Photography_Jete Devisser_Photography Courses_Chilliwack_BC_Video]
[uploads-ssl.webflow.com/60957e41b0916c05d9fd11ea/60b5705278e87740af2e98ca_About-Milestone2.jpg]
[uploads-ssl.webflow.com/60aa409b8981a4c98ef2088c/60b031cf8a111ef40e3f2a67_Urban Fig Photography_Jete Devisser_Photography Courses_Chilliwack_BC_Begin]
[uploads-ssl.webflow.com/60957e41b0916c05d9fd11ea/60b5706a193926090ce0ffa3_About-Milestone3.jpg]
[uploads-ssl.webflow.com/60957e41b0916c05d9fd11ea/60b570ac27813d36fa4a369b_About-Milestone4.jpg]
[uploads-ssl.webflow.com/60957e41b0916c05d9fd11ea/60b570c23868413c4083543d_About-Milestone5.jpg]
[uploads-ssl.webflow.com/60957e41b0916c05d9fd11ea/60b570d36689a3680bca5674_About-Milestone6.jpg]
[uploads-ssl.webflow.com/60957e41b0916c05d9fd11ea/60b570e3999dc16613cc9967_About-Milestone7.jpg]
[uploads-ssl.webflow.com/60aa409b8981a4c98ef2088c/60b0351ab366214ac306053b_Urban Fig Photography_Jete Devisser_Photography Courses_Chilliwack_BC_Advan]
[uploads-ssl.webflow.com/60957e41b0916c05d9fd11ea/60b570f4999dc1833acc9969_About-Milestone8.jpg]
[uploads-ssl.webflow.com/60957e41b0916c05d9fd11ea/60b5710743f8587a5f537a68_About-Milestone9.jpg]
[uploads-ssl.webflow.com/60957e41b0916c05d9fd11ea/60b5711b9e7e860f69008ad1_About-Milestone10.jpg]
[uploads-ssl.webflow.com/60aa409b8981a4c98ef2088c/60b02c49cea57cb79008e0e9_Urban Fig Photography_Jete Devisser_Photography Courses_Chilliwack_BC_1on1M]
[uploads-ssl.webflow.com/60aa409b8981a4c98ef2088c/60b5727cca5d3a28836d3a56_About-Team-Jete.jpg]
[uploads-ssl.webflow.com/60aa409b8981a4c98ef2088c/60b572e04f5590b6d02c13c2_About-Team-Rhianna.jpg]
[uploads-ssl.webflow.com/60aa409b8981a4c98ef2088c/60b572c618d38ee4d8089cb8_About-Team-Catrina.jpg]
[www.urbanfigphotography.com/about-us.html]
[www.urbanfigphotography.com/privacy-policy.html]
[uploads-ssl.webflow.com/60aa409b8981a4c98ef2088c/60b035d91dacea367d8b8a24_Urban Fig Photography_Jete Devisser_Photography Courses_Chilliwack_BC_2on1M]
[uploads-ssl.webflow.com/60aa409b8981a4c98ef2088c/60bbf4089d47da7f86ae2051_UrbanFig01.jpg]
[uploads-ssl.webflow.com/60aa409b8981a4c98ef2088c/60bbf4073cf7fc0c209a33bb_UrbanFig02.jpg]
[uploads-ssl.webflow.com/60aa409b8981a4c98ef2088c/60bbf407f3026bb27f2b32d3_UrbanFig03.jpg]
[uploads-ssl.webflow.com/60aa409b8981a4c98ef2088c/60bbf406779d3da9d05c7d93_UrbanFig04.jpg]
[uploads-ssl.webflow.com/60aa409b8981a4c98ef2088c/60bbf406a1ab8837541e1ca1_UrbanFig05.jpg]
[uploads-ssl.webflow.com/60aa409b8981a4c98ef2088c/60bbf4046d4e3a7375fad3a6_UrbanFig06.jpg]
[uploads-ssl.webflow.com/60aa409b8981a4c98ef2088c/60bbf40aa1ab8852e71e1ca2_UrbanFig07.jpg]
[uploads-ssl.webflow.com/60aa409b8981a4c98ef2088c/60bbf4040e21529d1d602a9c_UrbanFig08.jpg]
[uploads-ssl.webflow.com/60aa409b8981a4c98ef2088c/60bbf403fde27b3ab3bc59ad_UrbanFig09.jpg]
[uploads-ssl.webflow.com/60aa409b8981a4c98ef2088c/60bbf403a4dbfaf8f2b4c03e_UrbanFig10.jpg]
[uploads-ssl.webflow.com/60aa409b8981a4c98ef2088c/60bbf404bb6ea64588ec64b9_UrbanFig11.jpg]
[uploads-ssl.webflow.com/60aa409b8981a4c98ef2088c/60bbf402918f5fb0d7d2eabd_UrbanFig12.jpg]
[uploads-ssl.webflow.com/60aa409b8981a4c98ef2088c/60bbf402e09924ad6ac09c8a_UrbanFig13.jpg]
[uploads-ssl.webflow.com/60aa409b8981a4c98ef2088c/60bbf402d8ce50c7d90972fc_UrbanFig14.jpg]
[uploads-ssl.webflow.com/60aa409b8981a4c98ef2088c/60bbf402ae604a59c858a971_UrbanFig15.jpg]
[uploads-ssl.webflow.com/60aa409b8981a4c98ef2088c/60bbf40a30b62844ce41d0e9_UrbanFig16.jpg]
[uploads-ssl.webflow.com/60aa409b8981a4c98ef2088c/60bbf4003a4103eb1c244522_UrbanFig17.jpg]
[uploads-ssl.webflow.com/60aa409b8981a4c98ef2088c/60bbf40ae1b78b727e1abd95_UrbanFig18.jpg]
[uploads-ssl.webflow.com/60aa409b8981a4c98ef2088c/60bbf4008dd25961a6777eee_UrbanFig19.jpg]
[uploads-ssl.webflow.com/60aa409b8981a4c98ef2088c/60bbf400a1ab88602b1e1c7f_UrbanFig20.jpg]
[uploads-ssl.webflow.com/60aa409b8981a4c98ef2088c/60bbf400779d3d2c5f5c7d92_UrbanFig21.jpg]
[uploads-ssl.webflow.com/60aa409b8981a4c98ef2088c/60bbf3fe9d47da598eae2044_UrbanFig22.jpg]
[uploads-ssl.webflow.com/60aa409b8981a4c98ef2088c/60bbf3faacf60cd2e73b0483_UrbanFig23.jpg]
[uploads-ssl.webflow.com/60aa409b8981a4c98ef2088c/60bbf3f9e8d8f06bc009bd82_UrbanFig24.jpg]
[uploads-ssl.webflow.com/60aa409b8981a4c98ef2088c/60bbf3fe9508171b21e336ed_UrbanFig25.jpg]
[uploads-ssl.webflow.com/60aa409b8981a4c98ef2088c/60bbf4128dd2597275777f25_UrbanFig26.jpg]
[uploads-ssl.webflow.com/60aa409b8981a4c98ef2088c/60bbf412d8ce501b700972fe_UrbanFig27.jpg]
[uploads-ssl.webflow.com/60aa409b8981a4c98ef2088c/60bbf4109658575f98836d0f_UrbanFig28.jpg]
[uploads-ssl.webflow.com/60aa409b8981a4c98ef2088c/60bbf40ea489ad4463be1b0a_UrbanFig29.jpg]
[uploads-ssl.webflow.com/60aa409b8981a4c98ef2088c/60bbf40e0dc41a0de6601337_UrbanFig30.jpg]
[uploads-ssl.webflow.com/60aa409b8981a4c98ef2088c/60bbf40f0dc41a19b6601338_UrbanFig31.jpg]
[uploads-ssl.webflow.com/60aa409b8981a4c98ef2088c/60bbf40ae8d8f0f7d209beaf_UrbanFig32.jpg]
[uploads-ssl.webflow.com/60aa409b8981a4c98ef2088c/60bbf4091c46445eaa40d838_UrbanFig33.jpg]
[www.urbanfigphotography.com/portfolio/harrison-hot-springs-wedding-travis-britt.html]
[uploads-ssl.webflow.com/60aa409b8981a4c98ef2088c/60bbf243e8d8f0a0cf09b973_UFP003.jpg]
[uploads-ssl.webflow.com/60aa409b8981a4c98ef2088c/60bbf2434dedb55d930ba9a5_UFP008.jpg]
[uploads-ssl.webflow.com/60aa409b8981a4c98ef2088c/60bbf242972dd8065d1e87e7_UFP010.jpg]
[uploads-ssl.webflow.com/60aa409b8981a4c98ef2088c/60bbf2431c4644163440d0e6_UFP015.jpg]
[uploads-ssl.webflow.com/60aa409b8981a4c98ef2088c/60bbf242918f5f7f77d2e672_UFP017.jpg]
[uploads-ssl.webflow.com/60aa409b8981a4c98ef2088c/60bbf241a4dbfa6a2cb4ba10_UFP020.jpg]
[uploads-ssl.webflow.com/60aa409b8981a4c98ef2088c/60bbf241bb6ea67ed8ec5eab_UFP024.jpg]
[uploads-ssl.webflow.com/60aa409b8981a4c98ef2088c/60bbf2412536bd55fcfa4a6e_UFP028.jpg]
[uploads-ssl.webflow.com/60aa409b8981a4c98ef2088c/60bbf2410e21522acb6023cb_UFP032.jpg]
[uploads-ssl.webflow.com/60aa409b8981a4c98ef2088c/60bbf2402536bd4b3bfa4a6d_UFP034.jpg]
[uploads-ssl.webflow.com/60aa409b8981a4c98ef2088c/60bbf2400337450f184c353c_UFP049.jpg]
[uploads-ssl.webflow.com/60aa409b8981a4c98ef2088c/60bbf24068bf72176ffa11e9_UFP050.jpg]
[uploads-ssl.webflow.com/60aa409b8981a4c98ef2088c/60bbf2406d4e3a2f73facb8c_UFP052.jpg]
[uploads-ssl.webflow.com/60aa409b8981a4c98ef2088c/60bbf23f779d3d4de35c78bf_UFP054.jpg]
[uploads-ssl.webflow.com/60aa409b8981a4c98ef2088c/60bbf23f8dd25915427775f9_UFP056.jpg]
[uploads-ssl.webflow.com/60aa409b8981a4c98ef2088c/60bbf23f25ddac3df927f009_UFP059.jpg]
[uploads-ssl.webflow.com/60aa409b8981a4c98ef2088c/60bbf23f8ba2e7d166f63966_UFP063.jpg]
[uploads-ssl.webflow.com/60aa409b8981a4c98ef2088c/60bbf23ea1ab88bb6c1e169e_UFP065.jpg]
[uploads-ssl.webflow.com/60aa409b8981a4c98ef2088c/60bbf23e0c28d34a1a7451cf_UFP068.jpg]
[uploads-ssl.webflow.com/60aa409b8981a4c98ef2088c/60bbf23e4d213940b89634aa_UFP073.jpg]
[uploads-ssl.webflow.com/60aa409b8981a4c98ef2088c/60bbf23d4d213966589634a9_UFP075.jpg]
[uploads-ssl.webflow.com/60aa409b8981a4c98ef2088c/60bbf23d02f5c471a9d69aae_UFP079.jpg]
[uploads-ssl.webflow.com/60aa409b8981a4c98ef2088c/60bbf23d7d16f480492a0248_UFP083.jpg]
[uploads-ssl.webflow.com/60aa409b8981a4c98ef2088c/60bbf23dbb4f7fdc4a7923f9_UFP093.jpg]
[www.urbanfigphotography.com/portfolio/anniversary-celebration-in-manning-park-the-paulgers.html]
[uploads-ssl.webflow.com/60aa409b8981a4c98ef2088c/60bbee3503374539624c1ef0_UFP_8802.jpg]
[uploads-ssl.webflow.com/60aa409b8981a4c98ef2088c/60bbee3172a6834386a5eeef_UFP_8822.jpg]
[uploads-ssl.webflow.com/60aa409b8981a4c98ef2088c/60bbee349508173d6be32663_UFP_8871.jpg]
[uploads-ssl.webflow.com/60aa409b8981a4c98ef2088c/60bbee3109c221250e2155a3_UFP_8964.jpg]
[uploads-ssl.webflow.com/60aa409b8981a4c98ef2088c/60bbee31f3026b747e2b21f5_UFP_9088.jpg]
[uploads-ssl.webflow.com/60aa409b8981a4c98ef2088c/60bbee2c2536bd872ffa372c_UFP_9142.jpg]
[uploads-ssl.webflow.com/60aa409b8981a4c98ef2088c/60bbee2ce09924febec08608_UFP_9183.jpg]
[uploads-ssl.webflow.com/60aa409b8981a4c98ef2088c/60bbee32fbef7d4fd1a24198_UFP_9215.jpg]
[uploads-ssl.webflow.com/60aa409b8981a4c98ef2088c/60bbee35310730343174265c_UFP_9241.jpg]
[uploads-ssl.webflow.com/60aa409b8981a4c98ef2088c/60bbee2ebb6ea60937ec2049_UFP_9254.jpg]
[uploads-ssl.webflow.com/60aa409b8981a4c98ef2088c/60bbee2d4d2139c73a961e45_UFP_9532.jpg]
[www.urbanfigphotography.com/portfolio/chilliwack-extended-family-photographer-kuipers-family.html]
[uploads-ssl.webflow.com/60aa409b8981a4c98ef2088c/60bbebc1e8d8f023fd099d14_UFP008.jpg]
[uploads-ssl.webflow.com/60aa409b8981a4c98ef2088c/60bbebc1034256902235bb20_UFP009.jpg]
[uploads-ssl.webflow.com/60aa409b8981a4c98ef2088c/60bbebc17107c8acff9681df_UFP014.jpg]
[uploads-ssl.webflow.com/60aa409b8981a4c98ef2088c/60bbebc18dd259d13d77565a_UFP031.jpg]
[uploads-ssl.webflow.com/60aa409b8981a4c98ef2088c/60bbebc0918f5f1763d2d2d7_UFP033.jpg]
[uploads-ssl.webflow.com/60aa409b8981a4c98ef2088c/60bbebbf8ba2e743d7f6151d_UFP042.jpg]
[uploads-ssl.webflow.com/60aa409b8981a4c98ef2088c/60bbebbf0c28d350537435d6_UFP046.jpg]
[uploads-ssl.webflow.com/60aa409b8981a4c98ef2088c/60bbebbffde27b1f1cbc0cb7_UFP081.jpg]
[uploads-ssl.webflow.com/60aa409b8981a4c98ef2088c/60bbebbe1c4644ecb740b62c_UFP088.jpg]
[uploads-ssl.webflow.com/60aa409b8981a4c98ef2088c/60bbebbe0dc41a376a5ff0f6_UFP093.jpg]
[uploads-ssl.webflow.com/60aa409b8981a4c98ef2088c/60bbebbe2536bddd8ffa2b88_UFP098.jpg]
[uploads-ssl.webflow.com/60aa409b8981a4c98ef2088c/60bbebbee1b78b57821a9c2b_UFP107.jpg]
[uploads-ssl.webflow.com/60aa409b8981a4c98ef2088c/60bbebbd8ba2e770f8f61514_UFP116.jpg]
[uploads-ssl.webflow.com/60aa409b8981a4c98ef2088c/60bbebbdcd17ff3500833d92_UFP122.jpg]
[uploads-ssl.webflow.com/60aa409b8981a4c98ef2088c/60bbebbdcd17ff03e6833d8f_UFP133.jpg]
[uploads-ssl.webflow.com/60aa409b8981a4c98ef2088c/60bbebbdcd17ff3061833d90_UFP147.jpg]
[uploads-ssl.webflow.com/60aa409b8981a4c98ef2088c/60bbebbb3288c5107e6fcfb9_UFP150.jpg]
[uploads-ssl.webflow.com/60aa409b8981a4c98ef2088c/60bbebbb779d3d2c7e5c4aa0_UFP191.jpg]
[uploads-ssl.webflow.com/60aa409b8981a4c98ef2088c/60bbebbbfbef7d7b58a2399c_UFP193.jpg]
[uploads-ssl.webflow.com/60aa409b8981a4c98ef2088c/60bbebbbd8ce508155095b92_UFP200.jpg]
[uploads-ssl.webflow.com/60aa409b8981a4c98ef2088c/60bbebbb0e215249466009a0_UFP282.jpg]
[uploads-ssl.webflow.com/60aa409b8981a4c98ef2088c/60bbebbb965857a50183411e_UFP312.jpg]
[uploads-ssl.webflow.com/60aa409b8981a4c98ef2088c/60bbebbb0e215223fd6009a1_UFP317.jpg]
[uploads-ssl.webflow.com/60aa409b8981a4c98ef2088c/60bbebbb02f5c49a5fd66926_UFP319.jpg]
[www.urbanfigphotography.com/portfolio/cultus-lake-wedding-photos-sean-sarah.html]
[uploads-ssl.webflow.com/60aa409b8981a4c98ef2088c/60bbeabebb4f7f0f8078fc04_UFP014.jpg]
[uploads-ssl.webflow.com/60aa409b8981a4c98ef2088c/60bbeabe7f7da06d6cd604df_UFP020.jpg]
[uploads-ssl.webflow.com/60aa409b8981a4c98ef2088c/60bbeabe779d3de37b5c4893_UFP078.jpg]
[uploads-ssl.webflow.com/60aa409b8981a4c98ef2088c/60bbeabe1c4644c1a440b374_UFP090.jpg]
[uploads-ssl.webflow.com/60aa409b8981a4c98ef2088c/60bbeabd6d4e3a1efafaafb9_UFP147.jpg]
[uploads-ssl.webflow.com/60aa409b8981a4c98ef2088c/60bbeabaf6078b837877ccfb_UFP181.jpg]
[uploads-ssl.webflow.com/60aa409b8981a4c98ef2088c/60bbeabd02f5c4d2c2d66490_UFP184.jpg]
[uploads-ssl.webflow.com/60aa409b8981a4c98ef2088c/60bbeab99d47da9576aded1f_UFP194.jpg]
[uploads-ssl.webflow.com/60aa409b8981a4c98ef2088c/60bbeab825ddac248827ce00_UFP195.jpg]
[uploads-ssl.webflow.com/60aa409b8981a4c98ef2088c/60bbeab84dedb58f2f0b8294_UFP202.jpg]
[uploads-ssl.webflow.com/60aa409b8981a4c98ef2088c/60bbeab87107c807fa967fd8_UFP210.jpg]
[uploads-ssl.webflow.com/60aa409b8981a4c98ef2088c/60bbeab8e2a8da37858785d7_UFP286.jpg]
[uploads-ssl.webflow.com/60aa409b8981a4c98ef2088c/60bbeab768bf7246bcf9e41a_UFP306.jpg]
[uploads-ssl.webflow.com/60aa409b8981a4c98ef2088c/60bbeab71c4644f0c040b372_UFP311.jpg]
[uploads-ssl.webflow.com/60aa409b8981a4c98ef2088c/60bbeab668bf724385f9e419_UFP316.jpg]
[uploads-ssl.webflow.com/60aa409b8981a4c98ef2088c/60bbeab796585730eb833e24_UFP321.jpg]
[uploads-ssl.webflow.com/60aa409b8981a4c98ef2088c/60bbeab4e09924bad7c06fdb_UFP328.jpg]
[uploads-ssl.webflow.com/60aa409b8981a4c98ef2088c/60bbeab481197a0694287677_UFP332.jpg]
[uploads-ssl.webflow.com/60aa409b8981a4c98ef2088c/60bbeab431073070b6741d75_UFP335.jpg]
[uploads-ssl.webflow.com/60aa409b8981a4c98ef2088c/60bbeab40e21526743600258_UFP342.jpg]
[uploads-ssl.webflow.com/60aa409b8981a4c98ef2088c/60bbeab3e2a8da86218785d6_UFP387.jpg]
[uploads-ssl.webflow.com/60aa409b8981a4c98ef2088c/60bbeab33cf7fcf26d9a0c19_UFP390.jpg]
[uploads-ssl.webflow.com/60aa409b8981a4c98ef2088c/60bbeab3bb4f7f640f78fbc9_UFP396.jpg]
[uploads-ssl.webflow.com/60aa409b8981a4c98ef2088c/60bbeab3e3a9fda3b6dde098_UFP414.jpg]
[uploads-ssl.webflow.com/60aa409b8981a4c98ef2088c/60bbeac368bf724a3ff9e44f_UFP461.jpg]
[uploads-ssl.webflow.com/60aa409b8981a4c98ef2088c/60bbeac38ba2e709f0f60f92_UFP659.jpg]
[uploads-ssl.webflow.com/60aa409b8981a4c98ef2088c/60bbeac41c46449fc340b379_UFP685.jpg]
[uploads-ssl.webflow.com/60aa409b8981a4c98ef2088c/60bbeac46d4e3ac601faafc3_UFP695.jpg]
[uploads-ssl.webflow.com/60aa409b8981a4c98ef2088c/60bbeac28ba2e70c3af60f91_UFP740.jpg]
[uploads-ssl.webflow.com/60aa409b8981a4c98ef2088c/60bbeac272a683d4e4a5de9b_UFP804.jpg]
[uploads-ssl.webflow.com/60aa409b8981a4c98ef2088c/60bbeac2918f5fb87bd2d0fb_UFP844.jpg]
[www.urbanfigphotography.com/portfolio/little-white-chapel-wedding-mitch-cassie.html]
[uploads-ssl.webflow.com/60aa409b8981a4c98ef2088c/60bc036e8ba2e78a2af68afe_UrbanFigPhotography021.jpg]
[uploads-ssl.webflow.com/60aa409b8981a4c98ef2088c/60bc036ee1b78b2c401b1935_UrbanFigPhotography074.jpg]
[uploads-ssl.webflow.com/60aa409b8981a4c98ef2088c/60bc036cdbeabd953a4b047e_UrbanFigPhotography083.jpg]
[uploads-ssl.webflow.com/60aa409b8981a4c98ef2088c/60bc036dfbef7d7c90a2b620_UrbanFigPhotography098.jpg]
[uploads-ssl.webflow.com/60aa409b8981a4c98ef2088c/60bc036c779d3d46785cb726_UrbanFigPhotography111.jpg]
[uploads-ssl.webflow.com/60aa409b8981a4c98ef2088c/60bc036ce637c24baca9c722_UrbanFigPhotography142.jpg]
[uploads-ssl.webflow.com/60aa409b8981a4c98ef2088c/60bc036b6c4e54d6b7854df2_UrbanFigPhotography154.jpg]
[uploads-ssl.webflow.com/60aa409b8981a4c98ef2088c/60bc036b779d3d47c45cb725_UrbanFigPhotography168.jpg]
[uploads-ssl.webflow.com/60aa409b8981a4c98ef2088c/60bc036a0c28d375e574a308_UrbanFigPhotography171.jpg]
[uploads-ssl.webflow.com/60aa409b8981a4c98ef2088c/60bc036ad8ce50969109ac9e_UrbanFigPhotography180.jpg]
[uploads-ssl.webflow.com/60aa409b8981a4c98ef2088c/60bc036aacf60c1fc93b411c_UrbanFigPhotography264.jpg]
[uploads-ssl.webflow.com/60aa409b8981a4c98ef2088c/60bc03668ba2e7e8a4f68afc_UrbanFigPhotography379.jpg]
[uploads-ssl.webflow.com/60aa409b8981a4c98ef2088c/60bc0366976cd76f7ba5d18e_UrbanFigPhotography430.jpg]
[uploads-ssl.webflow.com/60aa409b8981a4c98ef2088c/60bc03654d21392e44967930_UrbanFigPhotography447.jpg]
[uploads-ssl.webflow.com/60aa409b8981a4c98ef2088c/60bc0364d8ce50595609ac82_UrbanFigPhotography458.jpg]
[uploads-ssl.webflow.com/60aa409b8981a4c98ef2088c/60bc03641c464472fc411230_UrbanFigPhotography460.jpg]
[uploads-ssl.webflow.com/60aa409b8981a4c98ef2088c/60bc036481197aa8b428fceb_UrbanFigPhotography482.jpg]
[uploads-ssl.webflow.com/60aa409b8981a4c98ef2088c/60bc036381197ac65d28fcea_UrbanFigPhotography665.jpg]
[uploads-ssl.webflow.com/60aa409b8981a4c98ef2088c/60bc036381197a3eda28fce9_UrbanFigPhotography677.jpg]
[uploads-ssl.webflow.com/60aa409b8981a4c98ef2088c/60bc0363e2a8da07ad882d19_UrbanFigPhotography694.jpg]
[uploads-ssl.webflow.com/60aa409b8981a4c98ef2088c/60bc0362a1ab88479c1e76c4_UrbanFigPhotography697.jpg]
[uploads-ssl.webflow.com/60aa409b8981a4c98ef2088c/60bc0362e8d8f0733b0a01c2_UrbanFigPhotography721.jpg]
[uploads-ssl.webflow.com/60aa409b8981a4c98ef2088c/60bc036209c221034821b9a3_UrbanFigPhotography727.jpg]
[uploads-ssl.webflow.com/60aa409b8981a4c98ef2088c/60bc0362e2a8da0a13882d18_UrbanFigPhotography733.jpg]
[uploads-ssl.webflow.com/60aa409b8981a4c98ef2088c/60bc036eae604a5329590f07_UrbanFigPhotography762.jpg]
[uploads-ssl.webflow.com/60aa409b8981a4c98ef2088c/60bc036e09c221271d21b9a6_UrbanFigPhotography774.jpg]
[www.urbanfigphotography.com/portfolio/chilliwack-wedding-photographer-tom-kristie.html]
[uploads-ssl.webflow.com/60aa409b8981a4c98ef2088c/60bbfc82bb4f7fbcac795301_UrbanFigPhotography015.jpg]
[uploads-ssl.webflow.com/60aa409b8981a4c98ef2088c/60bbfc819d47da5981ae3fed_UrbanFigPhotography042.jpg]
[uploads-ssl.webflow.com/60aa409b8981a4c98ef2088c/60bbfc810342561f47360d72_UrbanFigPhotography064.jpg]
[uploads-ssl.webflow.com/60aa409b8981a4c98ef2088c/60bbfc81a1ab8863581e5739_UrbanFigPhotography076.jpg]
[uploads-ssl.webflow.com/60aa409b8981a4c98ef2088c/60bbfc8195081781bbe35ca0_UrbanFigPhotography130.jpg]
[uploads-ssl.webflow.com/60aa409b8981a4c98ef2088c/60bbfc807107c873b496c991_UrbanFigPhotography202.jpg]
[uploads-ssl.webflow.com/60aa409b8981a4c98ef2088c/60bbfc80a489ad9ef4be502d_UrbanFigPhotography231.jpg]
[uploads-ssl.webflow.com/60aa409b8981a4c98ef2088c/60bbfc80f3026bdfa92b5882_UrbanFigPhotography250.jpg]
[uploads-ssl.webflow.com/60aa409b8981a4c98ef2088c/60bbfc7f4dedb598ec0bcfe7_UrbanFigPhotography253.jpg]
[uploads-ssl.webflow.com/60aa409b8981a4c98ef2088c/60bbfc7f972dd8b0ff1eaee0_UrbanFigPhotography258.jpg]
[uploads-ssl.webflow.com/60aa409b8981a4c98ef2088c/60bbfc7fe2a8da5589880950_UrbanFigPhotography262.jpg]
[uploads-ssl.webflow.com/60aa409b8981a4c98ef2088c/60bbfc7e972dd851981eaecc_UrbanFigPhotography266.jpg]
[uploads-ssl.webflow.com/60aa409b8981a4c98ef2088c/60bbfc7f0c28d3561f748960_UrbanFigPhotography286.jpg]
[uploads-ssl.webflow.com/60aa409b8981a4c98ef2088c/60bbfc7e31073040567493ed_UrbanFigPhotography290.jpg]
[uploads-ssl.webflow.com/60aa409b8981a4c98ef2088c/60bbfc7e4dedb5c6600bcfe5_UrbanFigPhotography354.jpg]
[uploads-ssl.webflow.com/60aa409b8981a4c98ef2088c/60bbfc7ef6078b76567825f8_UrbanFigPhotography400.jpg]
[uploads-ssl.webflow.com/60aa409b8981a4c98ef2088c/60bbfc7e0dc41adc94605781_UrbanFigPhotography409.jpg]
[uploads-ssl.webflow.com/60aa409b8981a4c98ef2088c/60bbfc7de2a8da376388094f_UrbanFigPhotography410.jpg]
[uploads-ssl.webflow.com/60aa409b8981a4c98ef2088c/60bbfc7d8dd259294b77ac67_UrbanFigPhotography422.jpg]
[uploads-ssl.webflow.com/60aa409b8981a4c98ef2088c/60bbfc7e965857015083c7fa_UrbanFigPhotography431.jpg]
[uploads-ssl.webflow.com/60aa409b8981a4c98ef2088c/60bbfc7d68bf72ca1ffa37f2_UrbanFigPhotography436.jpg]
[uploads-ssl.webflow.com/60aa409b8981a4c98ef2088c/60bbfc7da489ad54dcbe502c_UrbanFigPhotography441.jpg]
[uploads-ssl.webflow.com/60aa409b8981a4c98ef2088c/60bbfc7d0e2152907e604f66_UrbanFigPhotography448.jpg]
[uploads-ssl.webflow.com/60aa409b8981a4c98ef2088c/60bbfc7d68bf720cbefa37f1_UrbanFigPhotography462.jpg]
[uploads-ssl.webflow.com/60aa409b8981a4c98ef2088c/60bbfc7de3a9fd1e7ede30b9_UrbanFigPhotography516.jpg]
[uploads-ssl.webflow.com/60aa409b8981a4c98ef2088c/60bbfc8f30b628582241ff5e_UrbanFigPhotography523.jpg]
[uploads-ssl.webflow.com/60aa409b8981a4c98ef2088c/60bbfc8fcd17ff2acc838b75_UrbanFigPhotography539.jpg]
[uploads-ssl.webflow.com/60aa409b8981a4c98ef2088c/60bbfc8f9d47da185dae4001_UrbanFigPhotography542.jpg]
[uploads-ssl.webflow.com/60aa409b8981a4c98ef2088c/60bbfc8f4dedb536b30bcfe9_UrbanFigPhotography545.jpg]
[uploads-ssl.webflow.com/60aa409b8981a4c98ef2088c/60bbfc8e3107301f1f7493f7_UrbanFigPhotography571.jpg]
[uploads-ssl.webflow.com/60aa409b8981a4c98ef2088c/60bbfc8ee3a9fdeadbde30c2_UrbanFigPhotography576.jpg]
[uploads-ssl.webflow.com/60aa409b8981a4c98ef2088c/60bbfc8e6c4e5438668535e1_UrbanFigPhotography590.jpg]
[uploads-ssl.webflow.com/60aa409b8981a4c98ef2088c/60bbfc8e30b6287cbc41ff5d_UrbanFigPhotography622.jpg]
[uploads-ssl.webflow.com/60aa409b8981a4c98ef2088c/60bbfc8ea4dbfa4f33b4df86_UrbanFigPhotography677.jpg]
[uploads-ssl.webflow.com/60aa409b8981a4c98ef2088c/60bbfc8d02f5c410f7d6de4d_UrbanFigPhotography702.jpg]
[uploads-ssl.webflow.com/60aa409b8981a4c98ef2088c/60bbfc8d779d3d38175ca24f_UrbanFigPhotography720.jpg]
[uploads-ssl.webflow.com/60aa409b8981a4c98ef2088c/60bbfc8dacf60c060f3b24f5_UrbanFigPhotography749.jpg]
[uploads-ssl.webflow.com/60aa409b8981a4c98ef2088c/60bbfc8dbb6ea61c21ec8f80_UrbanFigPhotography757.jpg]
[uploads-ssl.webflow.com/60aa409b8981a4c98ef2088c/60bbfc8a30b6286adf41ff0a_UrbanFigPhotography761.jpg]
[uploads-ssl.webflow.com/60aa409b8981a4c98ef2088c/60bbfc8aa1ab88b8b81e5751_UrbanFigPhotography764.jpg]
[uploads-ssl.webflow.com/60aa409b8981a4c98ef2088c/60bbfc8ae09924549dc0c3cb_UrbanFigPhotography788.jpg]
[uploads-ssl.webflow.com/60aa409b8981a4c98ef2088c/60bbfc8a9d47da6bcbae3ffa_UrbanFigPhotography793.jpg]
[uploads-ssl.webflow.com/60aa409b8981a4c98ef2088c/60bbfc8abb4f7f5a8579530a_UrbanFigPhotography794.jpg]
[www.urbanfigphotography.com/portfolio/the-vancouver-club-wedding-matt-vanessa.html]
[uploads-ssl.webflow.com/60aa409b8981a4c98ef2088c/60bbfba7f6078b71af7821e6_UrbanFigPhotography002.jpg]
[uploads-ssl.webflow.com/60aa409b8981a4c98ef2088c/60bbfba7acf60c66de3b2123_UrbanFigPhotography032.jpg]
[uploads-ssl.webflow.com/60aa409b8981a4c98ef2088c/60bbfba7de88a54d6c9947b9_UrbanFigPhotography086.jpg]
[uploads-ssl.webflow.com/60aa409b8981a4c98ef2088c/60bbfba5bb6ea63ad2ec8e5a_UrbanFigPhotography091.jpg]
[uploads-ssl.webflow.com/60aa409b8981a4c98ef2088c/60bbfba7ae604a739f58f609_UrbanFigPhotography096.jpg]
[uploads-ssl.webflow.com/60aa409b8981a4c98ef2088c/60bbfba5a4dbfa9972b4dd44_UrbanFigPhotography107.jpg]
[uploads-ssl.webflow.com/60aa409b8981a4c98ef2088c/60bbfba5fbef7d1a38a29a77_UrbanFigPhotography112.jpg]
[uploads-ssl.webflow.com/60aa409b8981a4c98ef2088c/60bbfba50c28d3c7337486e9_UrbanFigPhotography120.jpg]
[uploads-ssl.webflow.com/60aa409b8981a4c98ef2088c/60bbfba37f7da08740d6781e_UrbanFigPhotography125.jpg]
[uploads-ssl.webflow.com/60aa409b8981a4c98ef2088c/60bbfba37107c8fe2e96c6c8_UrbanFigPhotography142.jpg]
[uploads-ssl.webflow.com/60aa409b8981a4c98ef2088c/60bbfba3f3026bfd1b2b567c_UrbanFigPhotography144.jpg]
[uploads-ssl.webflow.com/60aa409b8981a4c98ef2088c/60bbfba3e8d8f03e7009e19b_UrbanFigPhotography159.jpg]
[uploads-ssl.webflow.com/60aa409b8981a4c98ef2088c/60bbfb9f72a6831daba624e1_UrbanFigPhotography168.jpg]
[uploads-ssl.webflow.com/60aa409b8981a4c98ef2088c/60bbfba3e8d8f090af09e19a_UrbanFigPhotography236.jpg]
[uploads-ssl.webflow.com/60aa409b8981a4c98ef2088c/60bbfb9efde27b1b0abc9c02_UrbanFigPhotography253.jpg]
[uploads-ssl.webflow.com/60aa409b8981a4c98ef2088c/60bbfb9e3a4103fccd246553_UrbanFigPhotography269.jpg]
[uploads-ssl.webflow.com/60aa409b8981a4c98ef2088c/60bbfb9ede88a534159947b6_UrbanFigPhotography296.jpg]
[uploads-ssl.webflow.com/60aa409b8981a4c98ef2088c/60bbfb9c1c4644563940fd8f_UrbanFigPhotography300.jpg]
[uploads-ssl.webflow.com/60aa409b8981a4c98ef2088c/60bbfb9c81197aa1a728d6dc_UrbanFigPhotography318.jpg]
[uploads-ssl.webflow.com/60aa409b8981a4c98ef2088c/60bbfb9c8ba2e7c217f66b20_UrbanFigPhotography393.jpg]
[uploads-ssl.webflow.com/60aa409b8981a4c98ef2088c/60bbfb9c950817e63be359ac_UrbanFigPhotography400.jpg]
[uploads-ssl.webflow.com/60aa409b8981a4c98ef2088c/60bbfb9a81197a213128d6c5_UrbanFigPhotography402.jpg]
[uploads-ssl.webflow.com/60aa409b8981a4c98ef2088c/60bbfb9a25ddaccbdd281f43_UrbanFigPhotography419.jpg]
[uploads-ssl.webflow.com/60aa409b8981a4c98ef2088c/60bbfb9afbef7db405a29a3e_UrbanFigPhotography421.jpg]
[uploads-ssl.webflow.com/60aa409b8981a4c98ef2088c/60bbfb9ae09924921dc0c291_UrbanFigPhotography425.jpg]
[uploads-ssl.webflow.com/60aa409b8981a4c98ef2088c/60bbfba86d4e3a2959faf519_UrbanFigPhotography430.jpg]
[uploads-ssl.webflow.com/60aa409b8981a4c98ef2088c/60bbfba84dedb546670bcd4b_UrbanFigPhotography432.jpg]
[www.urbanfigphotography.com/portfolio/manning-park-wedding-the-lauers.html]
[uploads-ssl.webflow.com/60aa409b8981a4c98ef2088c/60bbfb2fe8d8f058f409e154_UrbanFigPhotography007.jpg]
[uploads-ssl.webflow.com/60aa409b8981a4c98ef2088c/60bbfb2f779d3dd0cc5c9b59_UrbanFigPhotography008.jpg]
[uploads-ssl.webflow.com/60aa409b8981a4c98ef2088c/60bbfb2e950817290ee3585b_UrbanFigPhotography011.jpg]
[uploads-ssl.webflow.com/60aa409b8981a4c98ef2088c/60bbfb2ee2a8da7717880681_UrbanFigPhotography013.jpg]
[uploads-ssl.webflow.com/60aa409b8981a4c98ef2088c/60bbfb2e81197aedd528d56b_UrbanFigPhotography023.jpg]
[uploads-ssl.webflow.com/60aa409b8981a4c98ef2088c/60bbfb2e81197a102428d56a_UrbanFigPhotography025.jpg]
[uploads-ssl.webflow.com/60aa409b8981a4c98ef2088c/60bbfb2d6d4e3a9fc6faf40d_UrbanFigPhotography035.jpg]
[uploads-ssl.webflow.com/60aa409b8981a4c98ef2088c/60bbfb2c7f7da09f09d6766c_UrbanFigPhotography038.jpg]
[uploads-ssl.webflow.com/60aa409b8981a4c98ef2088c/60bbfb2c4d2139b35a965aa2_UrbanFigPhotography041.jpg]
[uploads-ssl.webflow.com/60aa409b8981a4c98ef2088c/60bbfb2c1c46446aff40f9fd_UrbanFigPhotography052.jpg]
[uploads-ssl.webflow.com/60aa409b8981a4c98ef2088c/60bbfb2cacf60c41123b1de9_UrbanFigPhotography059.jpg]
[uploads-ssl.webflow.com/60aa409b8981a4c98ef2088c/60bbfb2c976cd75d9fa5b530_UrbanFigPhotography068.jpg]
[uploads-ssl.webflow.com/60aa409b8981a4c98ef2088c/60bbfb2cae604a56ab58f5cc_UrbanFigPhotography073.jpg]
[uploads-ssl.webflow.com/60aa409b8981a4c98ef2088c/60bbfb2b1c4644466e40f9fb_UrbanFigPhotography080.jpg]
[uploads-ssl.webflow.com/60aa409b8981a4c98ef2088c/60bbfb27bb6ea6fad4ec8d46_UrbanFigPhotography082.jpg]
[uploads-ssl.webflow.com/60aa409b8981a4c98ef2088c/60bbfb27976cd79b73a5b52f_UrbanFigPhotography085.jpg]
[uploads-ssl.webflow.com/60aa409b8981a4c98ef2088c/60bbfb2b8dd2597fad77a82e_UrbanFigPhotography093.jpg]
[www.urbanfigphotography.com/portfolio/mountaintop-wedding-photos-nils-kristie.html]
[uploads-ssl.webflow.com/60aa409b8981a4c98ef2088c/60bbfa9b8ba2e70da2f65ffe_1. UFP Main Image.jpg]
[www.urbanfigphotography.com/portfolio/sea-to-sky-gondola-wedding-taige-cara.html]
[uploads-ssl.webflow.com/60aa409b8981a4c98ef2088c/60bbe98a01f4d296073ae2f6_1. UFP Main Image.jpg]
[www.urbanfigphotography.com/portfolio/grand-wailea-maui-wedding-kevin-krist.html]
[uploads-ssl.webflow.com/60aa409b8981a4c98ef2088c/60baaaf737e07650b3d3449c_Urban Fig Photography - Chilliwack, BC.jpg]
[www.urbanfigphotography.com/portfolio/fraser-river-lodge-wedding-jacob-nina.html]
[uploads-ssl.webflow.com/60aa409b8981a4c98ef2088c/60baa72931631e3d17b92f91_Urban Fig Photography - Chilliwack, BC.jpg]
[www.urbanfigphotography.com/portfolioa53f.html]
[uploads-ssl.webflow.com/60957e41b0916c05d9fd11ea/60b0392396cc5c627f5c8f16_Urban Fig Photography_Jete_Chilliwack_BC.jpg]
[www.urbanfigphotography.com/courses/beginners-workshop.html]
[www.urbanfigphotography.com/contact-us.html]
[uploads-ssl.webflow.com/60aa409b8981a4c98ef2088c/60bbe97703374516204c0948_UFP011.jpg]
[uploads-ssl.webflow.com/60aa409b8981a4c98ef2088c/60bbe977a4dbfa224eb4969a_UFP019.jpg]
[uploads-ssl.webflow.com/60aa409b8981a4c98ef2088c/60bbe97601f4d2483b3ae2cc_UFP028.jpg]
[uploads-ssl.webflow.com/60aa409b8981a4c98ef2088c/60bbe976f6078b67f077cab2_UFP031.jpg]
[uploads-ssl.webflow.com/60aa409b8981a4c98ef2088c/60bbe976cd17fffef78336ba_UFP033.jpg]
[uploads-ssl.webflow.com/60aa409b8981a4c98ef2088c/60bbe9756d4e3a5ecdfaac8f_UFP045.jpg]
[uploads-ssl.webflow.com/60aa409b8981a4c98ef2088c/60bbe974d8ce50e5140957a3_UFP048.jpg]
[uploads-ssl.webflow.com/60aa409b8981a4c98ef2088c/60bbe973033745ce614c0947_UFP056.jpg]
[uploads-ssl.webflow.com/60aa409b8981a4c98ef2088c/60bbe9747107c801339671f1_UFP059.jpg]
[uploads-ssl.webflow.com/60aa409b8981a4c98ef2088c/60bbe972034256feaa35b11d_UFP063.jpg]
[uploads-ssl.webflow.com/60aa409b8981a4c98ef2088c/60bbe97209c2214b40213eb6_UFP064.jpg]
[uploads-ssl.webflow.com/60aa409b8981a4c98ef2088c/60bbe971e8d8f06313099608_UFP067.jpg]
[uploads-ssl.webflow.com/60aa409b8981a4c98ef2088c/60bbe971ae604a2b11587ff5_UFP069.jpg]
[uploads-ssl.webflow.com/60aa409b8981a4c98ef2088c/60bbe9716d4e3a01e9faac8e_UFP079.jpg]
[uploads-ssl.webflow.com/60aa409b8981a4c98ef2088c/60bbe9710dc41a85f65fe685_UFP080.jpg]
[uploads-ssl.webflow.com/60aa409b8981a4c98ef2088c/60bbe970e8d8f04f05099606_UFP108.jpg]
[uploads-ssl.webflow.com/60aa409b8981a4c98ef2088c/60bbe970e8d8f04f06099607_UFP111.jpg]
[uploads-ssl.webflow.com/60aa409b8981a4c98ef2088c/60bbe96f950817237ae30ee7_UFP114.jpg]
[uploads-ssl.webflow.com/60aa409b8981a4c98ef2088c/60bbe96e779d3d5c4e5c45a2_UFP119.jpg]
[uploads-ssl.webflow.com/60aa409b8981a4c98ef2088c/60bbe96fe3a9fd85b0ddd9ad_UFP127.jpg]
[uploads-ssl.webflow.com/60aa409b8981a4c98ef2088c/60bbe96e68bf72ce48f9e1df_UFP135.jpg]
[uploads-ssl.webflow.com/60aa409b8981a4c98ef2088c/60bbe96ce2a8dab76187816f_UFP138.jpg]
[uploads-ssl.webflow.com/60aa409b8981a4c98ef2088c/60bbe96de099243048c06896_UFP144.jpg]
[uploads-ssl.webflow.com/60aa409b8981a4c98ef2088c/60bbe96e68bf725b81f9e1de_UFP155.jpg]
[uploads-ssl.webflow.com/60aa409b8981a4c98ef2088c/60bbe96dae604ae01e587ff4_UFP160.jpg]
[uploads-ssl.webflow.com/60aa409b8981a4c98ef2088c/60bbe9784d21398f65960a25_UFP162.jpg]
[uploads-ssl.webflow.com/60aa409b8981a4c98ef2088c/60bbe97772a683f537a5dc52_UFP164.jpg]
[www.urbanfigphotography.com/portfolio/sea-to-sky-gondola-wedding-taige-cara.html]
[uploads-ssl.webflow.com/60aa409b8981a4c98ef2088c/60baab24fc862bb2005e7c0c_UrbanFigPhotography012bw-min.jpg]
[uploads-ssl.webflow.com/60aa409b8981a4c98ef2088c/60baab25cd17ffdef27e4297_UrbanFigPhotography103bw-min.jpg]
[uploads-ssl.webflow.com/60aa409b8981a4c98ef2088c/60baab1b82759a56b3e92512_UrbanFigPhotography159-min.jpg]
[uploads-ssl.webflow.com/60aa409b8981a4c98ef2088c/60baab23b811a93e744ad72c_UrbanFigPhotography169bw-min.jpg]
[uploads-ssl.webflow.com/60aa409b8981a4c98ef2088c/60baab1d56e298715d51abb0_UrbanFigPhotography172-min.jpg]
[uploads-ssl.webflow.com/60aa409b8981a4c98ef2088c/60baab1df8caa485fde080d8_UrbanFigPhotography203-min.jpg]
[uploads-ssl.webflow.com/60aa409b8981a4c98ef2088c/60baab1f7a233cc9cee60426_UrbanFigPhotography204-min.jpg]
[uploads-ssl.webflow.com/60aa409b8981a4c98ef2088c/60baab3067aeccd7ba6c6634_UrbanFigPhotography210-min.jpg]
[uploads-ssl.webflow.com/60aa409b8981a4c98ef2088c/60baab2f143f6310c5e30d67_UrbanFigPhotography306-min.jpg]
[uploads-ssl.webflow.com/60aa409b8981a4c98ef2088c/60baab1d7a233c769ce60425_UrbanFigPhotography352bw-min.jpg]
[uploads-ssl.webflow.com/60aa409b8981a4c98ef2088c/60baab2fbd3cd83942558f1d_UrbanFigPhotography380bw-min.jpg]
[uploads-ssl.webflow.com/60aa409b8981a4c98ef2088c/60baab2982759a49fee9251b_UrbanFigPhotography501-min.jpg]
[uploads-ssl.webflow.com/60aa409b8981a4c98ef2088c/60baab2b9d47dad4d5a8be50_UrbanFigPhotography503-min.jpg]
[uploads-ssl.webflow.com/60aa409b8981a4c98ef2088c/60baab2afc862b0c0c5e7c0e_UrbanFigPhotography505-min.jpg]
[uploads-ssl.webflow.com/60aa409b8981a4c98ef2088c/60baab1e83017ec34d03f012_UrbanFigPhotography508-min.jpg]
[uploads-ssl.webflow.com/60aa409b8981a4c98ef2088c/60baab2c21fbdc5d188e1ec9_UrbanFigPhotography510-min.jpg]
[uploads-ssl.webflow.com/60aa409b8981a4c98ef2088c/60baab266544e0d42a594eeb_UrbanFigPhotography516-min.jpg]
[uploads-ssl.webflow.com/60aa409b8981a4c98ef2088c/60baab4631631e0c60b9412d_UrbanFigPhotography518-min.jpg]
[uploads-ssl.webflow.com/60aa409b8981a4c98ef2088c/60baab440c28d31d766f610d_UrbanFigPhotography519-min.jpg]
[uploads-ssl.webflow.com/60aa409b8981a4c98ef2088c/60baab4621fbdc07658e1efb_UrbanFigPhotography598-min.jpg]
[uploads-ssl.webflow.com/60aa409b8981a4c98ef2088c/60baab4332069040bbc27395_UrbanFigPhotography632-min.jpg]
[uploads-ssl.webflow.com/60aa409b8981a4c98ef2088c/60baab4075968a0d7613034b_UrbanFigPhotography639-min.jpg]
[uploads-ssl.webflow.com/60aa409b8981a4c98ef2088c/60baab4509160a824eb019f3_UrbanFigPhotography678-min.jpg]
[uploads-ssl.webflow.com/60aa409b8981a4c98ef2088c/60baab417d16f42b2324e6a4_UrbanFigPhotography714-min.jpg]
[uploads-ssl.webflow.com/60aa409b8981a4c98ef2088c/60baab42fc862b80795e7c72_UrbanFigPhotography716-min.jpg]
[uploads-ssl.webflow.com/60aa409b8981a4c98ef2088c/60baab3e31631e9d41b9412c_UrbanFigPhotography734-min.jpg]
[uploads-ssl.webflow.com/60aa409b8981a4c98ef2088c/60baab3e0342560a833091cc_UrbanFigPhotography742-min.jpg]
[uploads-ssl.webflow.com/60aa409b8981a4c98ef2088c/60baab3df8caa4dca6e0812d_UrbanFigPhotography751bw-min.jpg]
[uploads-ssl.webflow.com/60aa409b8981a4c98ef2088c/60baab3eaa12e65dee9077a6_UrbanFigPhotography782-min.jpg]
[www.urbanfigphotography.com/portfolio/grand-wailea-maui-wedding-kevin-krist.html]
[uploads-ssl.webflow.com/60aa409b8981a4c98ef2088c/60baa7697a233c77cee5f2c3_UFP087-min.jpg]
[uploads-ssl.webflow.com/60aa409b8981a4c98ef2088c/60baa760cd05423d4c813a11_UFP148-min.jpg]
[uploads-ssl.webflow.com/60aa409b8981a4c98ef2088c/60baa75fc965199b91dff8a9_UFP163-min.jpg]
[uploads-ssl.webflow.com/60aa409b8981a4c98ef2088c/60baa75f9d72e01100331c1a_UFP170-min.jpg]
[uploads-ssl.webflow.com/60aa409b8981a4c98ef2088c/60baa75f143f6333ece2fc01_UFP183-min.jpg]
[uploads-ssl.webflow.com/60aa409b8981a4c98ef2088c/60baa75dc96519abc4dff8a8_UFP193-min.jpg]
[uploads-ssl.webflow.com/60aa409b8981a4c98ef2088c/60baa75d4a97ce8f915873c0_UFP200-min.jpg]
[uploads-ssl.webflow.com/60aa409b8981a4c98ef2088c/60baa75c37e076ff39d33986_UFP210-min.jpg]
[uploads-ssl.webflow.com/60aa409b8981a4c98ef2088c/60baa75c143f635e98e2fbff_UFP219-min.jpg]
[uploads-ssl.webflow.com/60aa409b8981a4c98ef2088c/60baa75b478292efcef85bf4_UFP221-min.jpg]
[uploads-ssl.webflow.com/60aa409b8981a4c98ef2088c/60baa75a9d47da7193a8ace9_UFP230-min.jpg]
[uploads-ssl.webflow.com/60aa409b8981a4c98ef2088c/60baa759cd0542ff1c813a10_UFP232-min.jpg]
[uploads-ssl.webflow.com/60aa409b8981a4c98ef2088c/60baa758143f630a80e2fbf7_UFP328-min.jpg]
[uploads-ssl.webflow.com/60aa409b8981a4c98ef2088c/60baa7597d16f41c8524d663_UFP381-min.jpg]
[uploads-ssl.webflow.com/60aa409b8981a4c98ef2088c/60baa764143f63d312e2fc3d_UFP403-min.jpg]
[uploads-ssl.webflow.com/60aa409b8981a4c98ef2088c/60baa758aa12e6070b906305_UFP585-min.jpg]
[uploads-ssl.webflow.com/60aa409b8981a4c98ef2088c/60baa765b811a97c334ac965_UFP731-min.jpg]
[uploads-ssl.webflow.com/60aa409b8981a4c98ef2088c/60baa7632070980d52e1c407_UFP733-min.jpg]
[uploads-ssl.webflow.com/60aa409b8981a4c98ef2088c/60baa764707f8f28391e0347_UFP735-min.jpg]
[uploads-ssl.webflow.com/60aa409b8981a4c98ef2088c/60baa768bd3cd854ad558093_UFP736-min.jpg]
[www.urbanfigphotography.com/portfolio/fraser-river-lodge-wedding-jacob-nina.html]
[www.urbanfigphotography.com/portfolio/whonnock-lake-wedding-allison-brody.html]
[www.urbanfigphotography.com/portfolio/chilliwack-lake-engagement-joylynn-deshonn.html]
[www.urbanfigphotography.com/portfolio/backyard-wedding-in-chilliwack-matt-kaye-lani.html]
[www.urbanfigphotography.com/portfolio/jones-lake-engagement-rick-meg.html]
[www.urbanfigphotography.com/portfolio/alexandra-bridge-engagement-dan-janna.html]
[www.urbanfigphotography.com/portfolio/vacation-to-maui-jared-haibon-ashley-laconetti.html]
[www.urbanfigphotography.com/portfolio/douglas-taylor-park-engagement-wendy-miguel.html]
[www.urbanfigphotography.com/portfolio/farm-wedding-in-chilliwack-greg-breanna.html]
[www.urbanfigphotography.com/portfolio/stormy-backyard-wedding-tyler-amanda.html]
[www.urbanfigphotography.com/portfolio/triple-swaan-nursery-wedding-angie-alex.html]
[www.urbanfigphotography.com/portfolio/the-falls-golf-club-wedding-travis-michelle.html]
[www.urbanfigphotography.com/portfolio/destination-wedding-photographer-kyle-erin.html]
[www.urbanfigphotography.com/courses/mentoring-video-call.html]
[www.urbanfigphotography.com/courses/advanced-workshop.html]
[www.urbanfigphotography.com/courses/one-on-one-mentoring.html]
[www.urbanfigphotography.com/courses/two-on-one-mentoring.html]
[www.urbanfigphotography.com/_https_/uploads-ssl.webflow.com/60957e41b0916c05d9fd11ea/60bfcfcf94820e62d3293dc7_Urban Fig Photography - Jete Devisser -]
[www.urbanfigphotography.com/portfolio/swaneset-wedding-kayla-clayton.html]
[www.urbanfigphotography.com/portfolio85a1.html]
